['*']
['*']
Watching for file changes with StatReloader
Performing system checks...

/mnt/newvolume/allo.venv/lib/python3.12/site-packages/transformers/tokenization_utils_base.py:1601: FutureWarning: `clean_up_tokenization_spaces` was not set. It will be set to `True` by default. This behavior will be depracted in transformers v4.45, and will be then set to `False` by default. For more details check this issue: https://github.com/huggingface/transformers/issues/31884
  warnings.warn(
System check identified no issues (0 silenced).
August 26, 2024 - 02:42:39
Django version 4.2.14, using settings 'allo.settings'
Starting development server at http://0.0.0.0:80/
Quit the server with CONTROL-C.

[26/Aug/2024 02:45:11] "GET /recycle/map/ HTTP/1.1" 200 4256
[26/Aug/2024 02:45:12] "GET /recycle/map/ HTTP/1.1" 200 4256
[26/Aug/2024 02:45:13] "GET /recycle/ HTTP/1.1" 200 4348
['15.164.140.206']
['15.164.140.206']
Watching for file changes with StatReloader
Performing system checks...

/mnt/newvolume/allo.venv/lib/python3.12/site-packages/transformers/tokenization_utils_base.py:1601: FutureWarning: `clean_up_tokenization_spaces` was not set. It will be set to `True` by default. This behavior will be depracted in transformers v4.45, and will be then set to `False` by default. For more details check this issue: https://github.com/huggingface/transformers/issues/31884
  warnings.warn(
System check identified no issues (0 silenced).
August 26, 2024 - 05:26:39
Django version 4.2.14, using settings 'allo.settings'
Starting development server at http://0.0.0.0:80/
Quit the server with CONTROL-C.

[26/Aug/2024 05:26:57] "GET / HTTP/1.1" 200 6087
[26/Aug/2024 05:26:57] "GET /static/css/style.css HTTP/1.1" 304 0
[26/Aug/2024 05:26:57] "GET /static/css/reset.css HTTP/1.1" 304 0
[26/Aug/2024 05:26:57] "GET /static/css/users/home.css HTTP/1.1" 304 0
[26/Aug/2024 05:26:57] "GET /static/img/ALLO.svg HTTP/1.1" 304 0
[26/Aug/2024 05:26:57] "GET /static/img/allo_logo.jpg HTTP/1.1" 304 0
[26/Aug/2024 05:26:57] "GET /static/img/search2.png HTTP/1.1" 304 0
[26/Aug/2024 05:26:57] "GET /static/js/main.js HTTP/1.1" 304 0
[26/Aug/2024 05:26:57] "GET /static/img/interview.svg HTTP/1.1" 304 0
[26/Aug/2024 05:26:57] "GET /static/img/notification2.png HTTP/1.1" 304 0
[26/Aug/2024 05:26:57] "GET /static/img/hof1.svg HTTP/1.1" 200 2954
[26/Aug/2024 05:26:57] "GET /static/img/user.svg HTTP/1.1" 200 763
[26/Aug/2024 05:26:57] "GET /static/img/bubble-interview.svg HTTP/1.1" 304 0
[26/Aug/2024 05:26:57] "GET /static/img/github.svg HTTP/1.1" 304 0
[26/Aug/2024 05:26:57] "GET /static/img/insta.svg HTTP/1.1" 304 0
[26/Aug/2024 05:27:29] "GET / HTTP/1.1" 200 6087
[26/Aug/2024 05:27:43] "GET /signup/ HTTP/1.1" 200 4241
[26/Aug/2024 05:27:43] "GET /static/css/users/signup.css HTTP/1.1" 200 1267
<QueryDict: {'csrfmiddlewaretoken': ['QpUDbgE30e6TSXPFZvXnNwglyNFxY8P2PnzunwTFBS8E1NXGlmbNzmGiaWjv2IOa'], 'username': ['123'], 'password': ['123'], 'name': ['전수정'], 'email': ['123@gmail.com']}>
[26/Aug/2024 05:27:59] "POST /signup/ HTTP/1.1" 302 0
[26/Aug/2024 05:27:59] "GET /login/ HTTP/1.1" 200 5089
[26/Aug/2024 05:27:59] "GET /static/css/users/login.css HTTP/1.1" 200 1424
User last attendance date: None
Attendance score updated to: 1
인증성공
[26/Aug/2024 05:28:04] "POST /login/ HTTP/1.1" 302 0
[26/Aug/2024 05:28:04] "GET / HTTP/1.1" 200 6479
[26/Aug/2024 05:28:04] "GET /static/img/hof2.svg HTTP/1.1" 200 3707
[26/Aug/2024 05:28:08] "GET /mypage/ HTTP/1.1" 200 8162
[26/Aug/2024 05:28:08] "GET /static/css/users/mypage.css HTTP/1.1" 200 5775
[26/Aug/2024 05:28:08] "GET /static/img/setting.svg HTTP/1.1" 200 906
[26/Aug/2024 05:28:08] "GET /static/img/grid.svg HTTP/1.1" 200 299
[26/Aug/2024 05:28:08] "GET /static/img/bookmark-black.svg HTTP/1.1" 200 212
[26/Aug/2024 05:28:08] "GET /static/img/no.svg HTTP/1.1" 200 202
[26/Aug/2024 05:28:08] "GET /static/js/user/mypage.js HTTP/1.1" 200 11150
POST data: <QueryDict: {'csrfmiddlewaretoken': ['raJANbTIJ2dqLcXEDEYhjG2UUiPKodmjIHM3tTmHm5L2I2NQqSu3JxmO6CInAiC1'], 'username': ['123'], 'email': ['123@gmail.com'], 'name': ['전수정']}>
FILES data: <MultiValueDict: {'profile_image': [<InMemoryUploadedFile: TECB2258.JPEG (image/jpeg)>]}>
[26/Aug/2024 05:28:50] "POST /profile/edit/ HTTP/1.1" 200 21
[26/Aug/2024 05:28:50] "GET /mypage/ HTTP/1.1" 200 8155
[26/Aug/2024 05:28:50] "GET /media/TECB2258.JPEG HTTP/1.1" 200 2151404
[26/Aug/2024 05:28:55] "GET /community/post/ HTTP/1.1" 200 3954
[26/Aug/2024 05:28:55] "GET /static/css/community/community_list.css HTTP/1.1" 200 2591
[26/Aug/2024 05:28:55] "GET /static/js/community/community_list.js HTTP/1.1" 200 377
[26/Aug/2024 05:28:56] "GET /community/post/create/ HTTP/1.1" 200 4447
[26/Aug/2024 05:28:56] "GET /static/js/community/community_update.js HTTP/1.1" 200 0
[26/Aug/2024 05:28:56] "GET /static/css/community/community_create.css HTTP/1.1" 200 1876
[26/Aug/2024 05:29:49] "POST /community/post/create/ HTTP/1.1" 302 0
[26/Aug/2024 05:29:49] "GET /community/post/ HTTP/1.1" 200 5198
[26/Aug/2024 05:29:49] "GET /static/img/full-heart.svg HTTP/1.1" 200 283
[26/Aug/2024 05:29:49] "GET /static/img/full-bookmark.svg HTTP/1.1" 200 180
[26/Aug/2024 05:29:51] "GET /community/post/1/ HTTP/1.1" 200 5832
[26/Aug/2024 05:29:51] "GET /media/TECB2258.JPEG HTTP/1.1" 304 0
[26/Aug/2024 05:29:51] "GET /static/css/community/community_detail.css HTTP/1.1" 200 3919
[26/Aug/2024 05:29:51] "GET /static/js/community/community_detail.js HTTP/1.1" 200 8513
[26/Aug/2024 05:29:51] "GET /static/img/heart.svg HTTP/1.1" 200 457
[26/Aug/2024 05:29:51] "GET /static/img/bookmark.svg HTTP/1.1" 200 214
[26/Aug/2024 05:30:01] "GET / HTTP/1.1" 200 6472
[26/Aug/2024 05:30:01] "GET /media/TECB2258.JPEG HTTP/1.1" 304 0
[26/Aug/2024 05:30:22] "GET / HTTP/1.1" 200 6394
[26/Aug/2024 05:30:22] "GET /static/css/reset.css HTTP/1.1" 200 1862
[26/Aug/2024 05:30:22] "GET /static/js/main.js HTTP/1.1" 200 1575
[26/Aug/2024 05:30:22] "GET /static/css/style.css HTTP/1.1" 200 4067
[26/Aug/2024 05:30:22] "GET /static/css/users/home.css HTTP/1.1" 200 3533
[26/Aug/2024 05:30:22] "GET /static/img/ALLO.svg HTTP/1.1" 200 10771
[26/Aug/2024 05:30:22] "GET /static/img/allo_logo.jpg HTTP/1.1" 200 169311
[26/Aug/2024 05:30:22] "GET /static/img/search2.png HTTP/1.1" 200 20153
[26/Aug/2024 05:30:22] "GET /static/img/notification2.png HTTP/1.1" 200 13265
[26/Aug/2024 05:30:22] "GET /static/img/interview.svg HTTP/1.1" 200 199
[26/Aug/2024 05:30:22] "GET /static/img/bubble-interview.svg HTTP/1.1" 200 217
[26/Aug/2024 05:30:22] "GET /static/img/user.svg HTTP/1.1" 200 763
[26/Aug/2024 05:30:22] "GET /static/img/hof2.svg HTTP/1.1" 200 3707
[26/Aug/2024 05:30:22] "GET /static/img/hof1.svg HTTP/1.1" 200 2954
[26/Aug/2024 05:30:22] "GET /static/img/github.svg HTTP/1.1" 200 2059
[26/Aug/2024 05:30:22] "GET /static/img/insta.svg HTTP/1.1" 200 3014
[26/Aug/2024 05:30:23] "GET /media/TECB2258.JPEG HTTP/1.1" 200 2151404
[26/Aug/2024 05:30:30,875] - Broken pipe from ('221.143.17.65', 63901)
[26/Aug/2024 05:30:30,876] - Broken pipe from ('221.143.17.65', 63902)
[26/Aug/2024 05:30:30,876] - Broken pipe from ('221.143.17.65', 63900)
[26/Aug/2024 05:30:31,866] - Broken pipe from ('221.143.17.65', 63899)
[26/Aug/2024 05:31:30] "GET / HTTP/1.1" 200 6394
[26/Aug/2024 05:31:30] "GET /media/TECB2258.JPEG HTTP/1.1" 304 0
[26/Aug/2024 05:31:36,365] - Broken pipe from ('221.143.17.65', 63916)
Not Found: /cgi-bin/../../../../../../../../../../bin/sh
[26/Aug/2024 05:32:33] "POST /cgi-bin/.%2e/.%2e/.%2e/.%2e/.%2e/.%2e/.%2e/.%2e/.%2e/.%2e/bin/sh HTTP/1.1" 404 5354
Not Found: /cgi-bin/%2e%2e/%2e%2e/%2e%2e/%2e%2e/%2e%2e/%2e%2e/%2e%2e/bin/sh
[26/Aug/2024 05:32:34] "POST /cgi-bin/%%32%65%%32%65/%%32%65%%32%65/%%32%65%%32%65/%%32%65%%32%65/%%32%65%%32%65/%%32%65%%32%65/%%32%65%%32%65/bin/sh HTTP/1.1" 404 5477
Not Found: /hello.world
[26/Aug/2024 05:32:35] "POST /hello.world?%ADd+allow_url_include%3d1+%ADd+auto_prepend_file%3dphp://input HTTP/1.1" 404 5357
Not Found: /vendor/phpunit/phpunit/src/Util/PHP/eval-stdin.php
[26/Aug/2024 05:32:35] "GET /vendor/phpunit/phpunit/src/Util/PHP/eval-stdin.php HTTP/1.1" 404 5409
Not Found: /vendor/phpunit/phpunit/Util/PHP/eval-stdin.php
[26/Aug/2024 05:32:36] "GET /vendor/phpunit/phpunit/Util/PHP/eval-stdin.php HTTP/1.1" 404 5397
Not Found: /vendor/phpunit/src/Util/PHP/eval-stdin.php
[26/Aug/2024 05:32:37] "GET /vendor/phpunit/src/Util/PHP/eval-stdin.php HTTP/1.1" 404 5385
Not Found: /vendor/phpunit/Util/PHP/eval-stdin.php
[26/Aug/2024 05:32:37] "GET /vendor/phpunit/Util/PHP/eval-stdin.php HTTP/1.1" 404 5373
Not Found: /vendor/phpunit/phpunit/LICENSE/eval-stdin.php
[26/Aug/2024 05:32:38] "GET /vendor/phpunit/phpunit/LICENSE/eval-stdin.php HTTP/1.1" 404 5394
Not Found: /vendor/vendor/phpunit/phpunit/src/Util/PHP/eval-stdin.php
[26/Aug/2024 05:32:39] "GET /vendor/vendor/phpunit/phpunit/src/Util/PHP/eval-stdin.php HTTP/1.1" 404 5430
Not Found: /phpunit/phpunit/src/Util/PHP/eval-stdin.php
[26/Aug/2024 05:32:39] "GET /phpunit/phpunit/src/Util/PHP/eval-stdin.php HTTP/1.1" 404 5388
Not Found: /phpunit/phpunit/Util/PHP/eval-stdin.php
[26/Aug/2024 05:32:40] "GET /phpunit/phpunit/Util/PHP/eval-stdin.php HTTP/1.1" 404 5376
Not Found: /phpunit/src/Util/PHP/eval-stdin.php
[26/Aug/2024 05:32:41] "GET /phpunit/src/Util/PHP/eval-stdin.php HTTP/1.1" 404 5364
Not Found: /phpunit/Util/PHP/eval-stdin.php
[26/Aug/2024 05:32:41] "GET /phpunit/Util/PHP/eval-stdin.php HTTP/1.1" 404 5352
[26/Aug/2024 05:32:41] "GET / HTTP/1.1" 200 6394
Not Found: /lib/phpunit/phpunit/src/Util/PHP/eval-stdin.php
[26/Aug/2024 05:32:42] "GET /lib/phpunit/phpunit/src/Util/PHP/eval-stdin.php HTTP/1.1" 404 5400
Not Found: /lib/phpunit/phpunit/Util/PHP/eval-stdin.php
[26/Aug/2024 05:32:42] "GET /lib/phpunit/phpunit/Util/PHP/eval-stdin.php HTTP/1.1" 404 5388
Not Found: /lib/phpunit/src/Util/PHP/eval-stdin.php
[26/Aug/2024 05:32:43] "GET /lib/phpunit/src/Util/PHP/eval-stdin.php HTTP/1.1" 404 5376
Not Found: /lib/phpunit/Util/PHP/eval-stdin.php
[26/Aug/2024 05:32:44] "GET /lib/phpunit/Util/PHP/eval-stdin.php HTTP/1.1" 404 5364
Not Found: /lib/vendor/phpunit/phpunit/src/Util/PHP/eval-stdin.php
[26/Aug/2024 05:32:45] "GET /lib/vendor/phpunit/phpunit/src/Util/PHP/eval-stdin.php HTTP/1.1" 404 5421
Not Found: /laravel/vendor/phpunit/phpunit/src/Util/PHP/eval-stdin.php
[26/Aug/2024 05:32:45] "GET /laravel/vendor/phpunit/phpunit/src/Util/PHP/eval-stdin.php HTTP/1.1" 404 5433
Not Found: /www/vendor/phpunit/phpunit/src/Util/PHP/eval-stdin.php
[26/Aug/2024 05:32:46] "GET /www/vendor/phpunit/phpunit/src/Util/PHP/eval-stdin.php HTTP/1.1" 404 5421
Not Found: /ws/vendor/phpunit/phpunit/src/Util/PHP/eval-stdin.php
[26/Aug/2024 05:32:47] "GET /ws/vendor/phpunit/phpunit/src/Util/PHP/eval-stdin.php HTTP/1.1" 404 5418
Not Found: /yii/vendor/phpunit/phpunit/src/Util/PHP/eval-stdin.php
[26/Aug/2024 05:32:47] "GET /yii/vendor/phpunit/phpunit/src/Util/PHP/eval-stdin.php HTTP/1.1" 404 5421
Not Found: /zend/vendor/phpunit/phpunit/src/Util/PHP/eval-stdin.php
[26/Aug/2024 05:32:48] "GET /zend/vendor/phpunit/phpunit/src/Util/PHP/eval-stdin.php HTTP/1.1" 404 5424
Not Found: /ws/ec/vendor/phpunit/phpunit/src/Util/PHP/eval-stdin.php
[26/Aug/2024 05:32:48] "GET /ws/ec/vendor/phpunit/phpunit/src/Util/PHP/eval-stdin.php HTTP/1.1" 404 5427
Not Found: /V2/vendor/phpunit/phpunit/src/Util/PHP/eval-stdin.php
[26/Aug/2024 05:32:49] "GET /V2/vendor/phpunit/phpunit/src/Util/PHP/eval-stdin.php HTTP/1.1" 404 5418
Not Found: /tests/vendor/phpunit/phpunit/src/Util/PHP/eval-stdin.php
[26/Aug/2024 05:32:50] "GET /tests/vendor/phpunit/phpunit/src/Util/PHP/eval-stdin.php HTTP/1.1" 404 5427
Not Found: /test/vendor/phpunit/phpunit/src/Util/PHP/eval-stdin.php
[26/Aug/2024 05:32:51] "GET /test/vendor/phpunit/phpunit/src/Util/PHP/eval-stdin.php HTTP/1.1" 404 5424
Not Found: /testing/vendor/phpunit/phpunit/src/Util/PHP/eval-stdin.php
[26/Aug/2024 05:32:51] "GET /testing/vendor/phpunit/phpunit/src/Util/PHP/eval-stdin.php HTTP/1.1" 404 5433
Not Found: /api/vendor/phpunit/phpunit/src/Util/PHP/eval-stdin.php
[26/Aug/2024 05:32:52] "GET /api/vendor/phpunit/phpunit/src/Util/PHP/eval-stdin.php HTTP/1.1" 404 5421
Not Found: /demo/vendor/phpunit/phpunit/src/Util/PHP/eval-stdin.php
[26/Aug/2024 05:32:52] "GET /demo/vendor/phpunit/phpunit/src/Util/PHP/eval-stdin.php HTTP/1.1" 404 5424
Not Found: /cms/vendor/phpunit/phpunit/src/Util/PHP/eval-stdin.php
[26/Aug/2024 05:32:53] "GET /cms/vendor/phpunit/phpunit/src/Util/PHP/eval-stdin.php HTTP/1.1" 404 5421
Not Found: /crm/vendor/phpunit/phpunit/src/Util/PHP/eval-stdin.php
[26/Aug/2024 05:32:54] "GET /crm/vendor/phpunit/phpunit/src/Util/PHP/eval-stdin.php HTTP/1.1" 404 5421
[26/Aug/2024 05:32:54] "GET /admin/vendor/phpunit/phpunit/src/Util/PHP/eval-stdin.php HTTP/1.1" 302 0
Not Found: /backup/vendor/phpunit/phpunit/src/Util/PHP/eval-stdin.php
[26/Aug/2024 05:32:55] "GET /backup/vendor/phpunit/phpunit/src/Util/PHP/eval-stdin.php HTTP/1.1" 404 5430
Not Found: /blog/vendor/phpunit/phpunit/src/Util/PHP/eval-stdin.php
[26/Aug/2024 05:32:56] "GET /blog/vendor/phpunit/phpunit/src/Util/PHP/eval-stdin.php HTTP/1.1" 404 5424
Not Found: /workspace/drupal/vendor/phpunit/phpunit/src/Util/PHP/eval-stdin.php
[26/Aug/2024 05:32:56] "GET /workspace/drupal/vendor/phpunit/phpunit/src/Util/PHP/eval-stdin.php HTTP/1.1" 404 5460
Not Found: /panel/vendor/phpunit/phpunit/src/Util/PHP/eval-stdin.php
[26/Aug/2024 05:32:57] "GET /panel/vendor/phpunit/phpunit/src/Util/PHP/eval-stdin.php HTTP/1.1" 404 5427
Not Found: /public/vendor/phpunit/phpunit/src/Util/PHP/eval-stdin.php
[26/Aug/2024 05:32:58] "GET /public/vendor/phpunit/phpunit/src/Util/PHP/eval-stdin.php HTTP/1.1" 404 5430
Not Found: /apps/vendor/phpunit/phpunit/src/Util/PHP/eval-stdin.php
[26/Aug/2024 05:32:58] "GET /apps/vendor/phpunit/phpunit/src/Util/PHP/eval-stdin.php HTTP/1.1" 404 5424
Not Found: /app/vendor/phpunit/phpunit/src/Util/PHP/eval-stdin.php
[26/Aug/2024 05:32:59] "GET /app/vendor/phpunit/phpunit/src/Util/PHP/eval-stdin.php HTTP/1.1" 404 5421
Not Found: /index.php
[26/Aug/2024 05:32:59] "GET /index.php?s=/index/\think\app/invokefunction&function=call_user_func_array&vars[0]=md5&vars[1][]=Hello HTTP/1.1" 404 5395
Not Found: /public/index.php
[26/Aug/2024 05:33:00] "GET /public/index.php?s=/index/\think\app/invokefunction&function=call_user_func_array&vars[0]=md5&vars[1][]=Hello HTTP/1.1" 404 5416
Not Found: /index.php
[26/Aug/2024 05:33:01] "GET /index.php?lang=../../../../../../../../usr/local/lib/php/pearcmd&+config-create+/&/<?echo(md5("hi"));?>+/tmp/index1.php HTTP/1.1" 404 5412
Not Found: /index.php
[26/Aug/2024 05:33:01] "GET /index.php?lang=../../../../../../../../tmp/index1 HTTP/1.1" 404 5326
[26/Aug/2024 05:39:45] "GET / HTTP/1.1" 200 6394
[26/Aug/2024 05:39:45] "GET /media/TECB2258.JPEG HTTP/1.1" 304 0
[26/Aug/2024 05:40:03] "GET /community/post/ HTTP/1.1" 200 5036
[26/Aug/2024 05:40:03] "GET /static/css/community/community_list.css HTTP/1.1" 200 2591
[26/Aug/2024 05:40:03] "GET /static/img/full-heart.svg HTTP/1.1" 200 283
[26/Aug/2024 05:40:03] "GET /static/js/community/community_list.js HTTP/1.1" 200 377
[26/Aug/2024 05:40:03] "GET /static/img/full-bookmark.svg HTTP/1.1" 200 180
[26/Aug/2024 05:40:09] "GET /recipe/recipe_list/ HTTP/1.1" 200 4435
[26/Aug/2024 05:40:09] "GET /static/js/recipe/recipe_list.js HTTP/1.1" 200 2749
[26/Aug/2024 05:40:09] "GET /static/js/recipe/recipe_category.js HTTP/1.1" 200 571
[26/Aug/2024 05:40:09] "GET /static/css/recipe/recipe_list.css HTTP/1.1" 200 3567
[26/Aug/2024 05:40:15] "GET /search/?q= HTTP/1.1" 200 3664
[26/Aug/2024 05:40:15] "GET /static/css/users/searched_list.css HTTP/1.1" 200 1177
[26/Aug/2024 05:40:19,694] - Broken pipe from ('221.143.17.65', 55396)
[26/Aug/2024 05:40:19,694] - Broken pipe from ('221.143.17.65', 55395)
[26/Aug/2024 05:40:19,694] - Broken pipe from ('221.143.17.65', 55397)
[26/Aug/2024 06:44:00] "GET / HTTP/1.1" 200 6394
[26/Aug/2024 06:44:00,961] - Broken pipe from ('185.224.128.59', 38008)
Invalid HTTP_HOST header: 'ip-172-31-9-246.ap-northeast-2.compute.internal'. You may need to add 'ip-172-31-9-246.ap-northeast-2.compute.internal' to ALLOWED_HOSTS.
Traceback (most recent call last):
  File "/mnt/newvolume/allo.venv/lib/python3.12/site-packages/django/core/handlers/exception.py", line 55, in inner
    response = get_response(request)
               ^^^^^^^^^^^^^^^^^^^^^
  File "/mnt/newvolume/allo.venv/lib/python3.12/site-packages/django/utils/deprecation.py", line 133, in __call__
    response = self.process_request(request)
               ^^^^^^^^^^^^^^^^^^^^^^^^^^^^^
  File "/mnt/newvolume/allo.venv/lib/python3.12/site-packages/django/middleware/common.py", line 48, in process_request
    host = request.get_host()
           ^^^^^^^^^^^^^^^^^^
  File "/mnt/newvolume/allo.venv/lib/python3.12/site-packages/django/http/request.py", line 150, in get_host
    raise DisallowedHost(msg)
django.core.exceptions.DisallowedHost: Invalid HTTP_HOST header: 'ip-172-31-9-246.ap-northeast-2.compute.internal'. You may need to add 'ip-172-31-9-246.ap-northeast-2.compute.internal' to ALLOWED_HOSTS.
Bad Request: /
[26/Aug/2024 07:07:13] "GET / HTTP/1.0" 400 64956
[26/Aug/2024 07:54:37] "GET / HTTP/1.1" 200 6394
[26/Aug/2024 08:03:16] "GET / HTTP/1.1" 200 6394
[26/Aug/2024 08:18:12] code 400, message Bad request version ("¯nãY»bhlÿ(=':©\x82ÙoÈ¢×\x93\x98´ï\x80å¹\x90\x00(À")
[26/Aug/2024 08:18:12] You're accessing the development server over HTTPS, but it only supports HTTP.
Not Found: /.env
[26/Aug/2024 08:18:24] "GET /.env HTTP/1.1" 404 5268
[26/Aug/2024 08:18:24] code 400, message Bad request syntax ("\x16\x03\x01\x00¬\x01\x00\x00¨\x03\x03d\x9aÁ)z>EÒ¼Diøm»Øþ8AÐ'»\x12½\x82^\x1bV\x91~È\x16r\x00\x008À,À")
[26/Aug/2024 08:18:24] You're accessing the development server over HTTPS, but it only supports HTTP.
Not Found: /.config.yaml
[26/Aug/2024 08:18:25] "GET /.config.yaml HTTP/1.1" 404 5292
Not Found: /.env.bak
[26/Aug/2024 08:18:37] "GET /.env.bak HTTP/1.1" 404 5280
Not Found: /.env.example
[26/Aug/2024 08:18:45] "GET /.env.example HTTP/1.1" 404 5292
Not Found: /.env.prod
[26/Aug/2024 08:19:21] "GET /.env.prod HTTP/1.1" 404 5283
Not Found: /.env.production
[26/Aug/2024 08:19:31] "GET /.env.production HTTP/1.1" 404 5301
Not Found: /.env.production
[26/Aug/2024 08:19:47] "GET /.env.production HTTP/1.1" 404 5301
Not Found: /.json
[26/Aug/2024 08:20:14] "GET /.json HTTP/1.1" 404 5271
[26/Aug/2024 08:20:35] "GET /?phpinfo=-1 HTTP/1.1" 200 6394
[26/Aug/2024 08:20:42] "GET /admin/.env HTTP/1.1" 302 0
Not Found: /api/.env
[26/Aug/2024 08:20:44] "GET /api/.env HTTP/1.1" 404 5280
Not Found: /api/.env
[26/Aug/2024 08:20:48] "GET /api/.env HTTP/1.1" 404 5280
Not Found: /app/.env
[26/Aug/2024 08:20:51] "GET /app/.env HTTP/1.1" 404 5280
Not Found: /app_dev.php/_profiler/open
[26/Aug/2024 08:20:53] "GET /app_dev.php/_profiler/open?file=app/config/parameters.yml HTTP/1.1" 404 5365
Not Found: /app_dev.php/_profiler/phpinfo
[26/Aug/2024 08:20:55] "GET /app_dev.php/_profiler/phpinfo HTTP/1.1" 404 5343
Not Found: /apps/.env
[26/Aug/2024 08:20:56] "GET /apps/.env HTTP/1.1" 404 5283
Not Found: /backend/.env
[26/Aug/2024 08:20:57] "GET /backend/.env HTTP/1.1" 404 5292
Not Found: /client_secrets.json
[26/Aug/2024 08:20:58] "GET /client_secrets.json HTTP/1.1" 404 5313
Not Found: /config/.env
[26/Aug/2024 08:20:59] "GET /config/.env HTTP/1.1" 404 5289
Not Found: /core/.env
[26/Aug/2024 08:21:00] "GET /core/.env HTTP/1.1" 404 5283
Not Found: /debug/default/view
[26/Aug/2024 08:21:02] "GET /debug/default/view?panel=config HTTP/1.1" 404 5323
Not Found: /demo/.env
[26/Aug/2024 08:21:03] "GET /demo/.env HTTP/1.1" 404 5283
Not Found: /dev/.env
[26/Aug/2024 08:21:04] "GET /dev/.env HTTP/1.1" 404 5280
Not Found: /frontend/web/debug/default/view
[26/Aug/2024 08:21:06] "GET /frontend/web/debug/default/view HTTP/1.1" 404 5349
Not Found: /info/
[26/Aug/2024 08:21:36] "GET /info/ HTTP/1.1" 404 5271
Not Found: /infophp.php
[26/Aug/2024 08:22:01] "GET /infophp.php HTTP/1.1" 404 5289
Not Found: /library/.env
[26/Aug/2024 08:22:17] "GET /library/.env HTTP/1.1" 404 5292
Not Found: /new/.env
[26/Aug/2024 08:22:25] "GET /new/.env HTTP/1.1" 404 5280
Not Found: /phpinfo.php
[26/Aug/2024 08:22:39] "GET /phpinfo.php HTTP/1.1" 404 5289
Not Found: /pinfo.php
[26/Aug/2024 08:22:50] "GET /pinfo.php HTTP/1.1" 404 5283
Not Found: /public/.env
[26/Aug/2024 08:23:01] "GET /public/.env HTTP/1.1" 404 5289
Not Found: /staging/.env
[26/Aug/2024 08:23:07] "GET /staging/.env HTTP/1.1" 404 5292
Not Found: /tool/view/phpinfo.view.php
[26/Aug/2024 08:23:08] "GET /tool/view/phpinfo.view.php HTTP/1.1" 404 5334
Not Found: /web/debug/default/view
[26/Aug/2024 08:23:10] "GET /web/debug/default/view HTTP/1.1" 404 5322
Not Found: /.env
[26/Aug/2024 08:35:47] "GET /.env HTTP/1.1" 404 5268
[26/Aug/2024 08:49:56] "GET / HTTP/1.1" 200 6394
[26/Aug/2024 09:05:24] "GET / HTTP/1.1" 200 6394
[26/Aug/2024 09:05:34] "GET / HTTP/1.1" 200 6394
[26/Aug/2024 09:05:35] "GET /static/css/reset.css HTTP/1.1" 200 1862
[26/Aug/2024 09:05:35] "GET /static/css/style.css HTTP/1.1" 200 4067
[26/Aug/2024 09:05:35] "GET /static/css/users/home.css HTTP/1.1" 200 3533
[26/Aug/2024 09:05:35] "GET /static/js/main.js HTTP/1.1" 200 1575
[26/Aug/2024 09:05:35] "GET /static/img/ALLO.svg HTTP/1.1" 200 10771
[26/Aug/2024 09:05:35] "GET /static/img/allo_logo.jpg HTTP/1.1" 200 169311
[26/Aug/2024 09:05:35] "GET /static/img/search2.png HTTP/1.1" 200 20153
[26/Aug/2024 09:05:35] "GET /static/img/notification2.png HTTP/1.1" 200 13265
[26/Aug/2024 09:05:35] "GET /static/img/interview.svg HTTP/1.1" 200 199
[26/Aug/2024 09:05:35] "GET /static/img/bubble-interview.svg HTTP/1.1" 200 217
[26/Aug/2024 09:05:35] "GET /static/img/user.svg HTTP/1.1" 200 763
[26/Aug/2024 09:05:35] "GET /static/img/hof2.svg HTTP/1.1" 200 3707
[26/Aug/2024 09:05:35] "GET /static/img/hof1.svg HTTP/1.1" 200 2954
[26/Aug/2024 09:05:35] "GET /static/img/github.svg HTTP/1.1" 200 2059
[26/Aug/2024 09:05:35] "GET /static/img/insta.svg HTTP/1.1" 200 3014
[26/Aug/2024 09:05:35] "GET /media/TECB2258.JPEG HTTP/1.1" 200 2151404
[26/Aug/2024 09:05:57,190] - Broken pipe from ('175.192.195.97', 60631)
[26/Aug/2024 09:05:57,191] - Broken pipe from ('175.192.195.97', 60632)
[26/Aug/2024 09:05:57,191] - Broken pipe from ('175.192.195.97', 60628)
[26/Aug/2024 09:05:57,191] - Broken pipe from ('175.192.195.97', 60630)
[26/Aug/2024 09:07:08] code 400, message Bad request version ("¯nãY»bhlÿ(=':©\x82ÙoÈ¢×\x93\x98´ï\x80å¹\x90\x00(À")
[26/Aug/2024 09:07:08] You're accessing the development server over HTTPS, but it only supports HTTP.
[26/Aug/2024 09:19:15] code 400, message Bad request version ("¯nãY»bhlÿ(=':©\x82ÙoÈ¢×\x93\x98´ï\x80å¹\x90\x00(À")
[26/Aug/2024 09:19:15] You're accessing the development server over HTTPS, but it only supports HTTP.
[26/Aug/2024 09:29:19] "GET / HTTP/1.1" 200 6394
[26/Aug/2024 09:29:19,612] - Broken pipe from ('47.251.80.203', 59818)
[26/Aug/2024 09:29:50] "GET / HTTP/1.1" 200 6394
Invalid HTTP_HOST header: 'b2bspocklabs.com'. You may need to add 'b2bspocklabs.com' to ALLOWED_HOSTS.
Traceback (most recent call last):
  File "/mnt/newvolume/allo.venv/lib/python3.12/site-packages/django/core/handlers/exception.py", line 55, in inner
    response = get_response(request)
               ^^^^^^^^^^^^^^^^^^^^^
  File "/mnt/newvolume/allo.venv/lib/python3.12/site-packages/django/utils/deprecation.py", line 133, in __call__
    response = self.process_request(request)
               ^^^^^^^^^^^^^^^^^^^^^^^^^^^^^
  File "/mnt/newvolume/allo.venv/lib/python3.12/site-packages/django/middleware/common.py", line 48, in process_request
    host = request.get_host()
           ^^^^^^^^^^^^^^^^^^
  File "/mnt/newvolume/allo.venv/lib/python3.12/site-packages/django/http/request.py", line 150, in get_host
    raise DisallowedHost(msg)
django.core.exceptions.DisallowedHost: Invalid HTTP_HOST header: 'b2bspocklabs.com'. You may need to add 'b2bspocklabs.com' to ALLOWED_HOSTS.
Bad Request: /
[26/Aug/2024 09:29:52] "GET / HTTP/1.1" 400 65732
Invalid HTTP_HOST header: 'b2bspocklabs.com'. You may need to add 'b2bspocklabs.com' to ALLOWED_HOSTS.
Traceback (most recent call last):
  File "/mnt/newvolume/allo.venv/lib/python3.12/site-packages/django/core/handlers/exception.py", line 55, in inner
    response = get_response(request)
               ^^^^^^^^^^^^^^^^^^^^^
  File "/mnt/newvolume/allo.venv/lib/python3.12/site-packages/django/utils/deprecation.py", line 133, in __call__
    response = self.process_request(request)
               ^^^^^^^^^^^^^^^^^^^^^^^^^^^^^
  File "/mnt/newvolume/allo.venv/lib/python3.12/site-packages/django/middleware/common.py", line 48, in process_request
    host = request.get_host()
           ^^^^^^^^^^^^^^^^^^
  File "/mnt/newvolume/allo.venv/lib/python3.12/site-packages/django/http/request.py", line 150, in get_host
    raise DisallowedHost(msg)
django.core.exceptions.DisallowedHost: Invalid HTTP_HOST header: 'b2bspocklabs.com'. You may need to add 'b2bspocklabs.com' to ALLOWED_HOSTS.
Bad Request: /
[26/Aug/2024 09:29:52] "GET / HTTP/1.1" 400 65343
[26/Aug/2024 09:30:29] "GET / HTTP/1.1" 200 6394
[26/Aug/2024 09:30:31] "GET /static/js/main.js HTTP/1.1" 200 1575
[26/Aug/2024 09:30:37] "GET /static/img/allo_logo.jpg HTTP/1.1" 200 169311
Invalid HTTP_HOST header: 'ip-172-31-9-246.ap-northeast-2.compute.internal'. You may need to add 'ip-172-31-9-246.ap-northeast-2.compute.internal' to ALLOWED_HOSTS.
Traceback (most recent call last):
  File "/mnt/newvolume/allo.venv/lib/python3.12/site-packages/django/core/handlers/exception.py", line 55, in inner
    response = get_response(request)
               ^^^^^^^^^^^^^^^^^^^^^
  File "/mnt/newvolume/allo.venv/lib/python3.12/site-packages/django/utils/deprecation.py", line 133, in __call__
    response = self.process_request(request)
               ^^^^^^^^^^^^^^^^^^^^^^^^^^^^^
  File "/mnt/newvolume/allo.venv/lib/python3.12/site-packages/django/middleware/common.py", line 48, in process_request
    host = request.get_host()
           ^^^^^^^^^^^^^^^^^^
  File "/mnt/newvolume/allo.venv/lib/python3.12/site-packages/django/http/request.py", line 150, in get_host
    raise DisallowedHost(msg)
django.core.exceptions.DisallowedHost: Invalid HTTP_HOST header: 'ip-172-31-9-246.ap-northeast-2.compute.internal'. You may need to add 'ip-172-31-9-246.ap-northeast-2.compute.internal' to ALLOWED_HOSTS.
Bad Request: /
[26/Aug/2024 09:40:51] "GET / HTTP/1.0" 400 64956
[26/Aug/2024 09:42:49] "GET / HTTP/1.1" 200 6394
[26/Aug/2024 09:42:49,872] - Broken pipe from ('185.224.128.59', 43060)
[26/Aug/2024 10:13:56] "GET / HTTP/1.1" 200 6394
[26/Aug/2024 10:14:11] "GET / HTTP/1.1" 200 6471
[26/Aug/2024 10:14:11] "GET / HTTP/1.1" 200 6471
[26/Aug/2024 10:14:11] "GET /static/css/reset.css HTTP/1.1" 304 0
[26/Aug/2024 10:14:11] "GET /static/css/style.css HTTP/1.1" 304 0
[26/Aug/2024 10:14:11] "GET /static/css/users/home.css HTTP/1.1" 304 0
[26/Aug/2024 10:14:11] "GET /static/img/allo_logo.jpg HTTP/1.1" 304 0
[26/Aug/2024 10:14:11] "GET /static/img/ALLO.svg HTTP/1.1" 304 0
[26/Aug/2024 10:14:11] "GET /static/img/search2.png HTTP/1.1" 304 0
[26/Aug/2024 10:14:11] "GET /static/img/notification2.png HTTP/1.1" 304 0
[26/Aug/2024 10:14:11] "GET /static/js/main.js HTTP/1.1" 304 0
[26/Aug/2024 10:14:11] "GET /static/img/interview.svg HTTP/1.1" 304 0
[26/Aug/2024 10:14:11] "GET /static/img/bubble-interview.svg HTTP/1.1" 304 0
[26/Aug/2024 10:14:11] "GET /static/img/user.svg HTTP/1.1" 304 0
[26/Aug/2024 10:14:11] "GET /static/img/hof2.svg HTTP/1.1" 200 3707
[26/Aug/2024 10:14:11] "GET /static/img/github.svg HTTP/1.1" 304 0
[26/Aug/2024 10:14:11] "GET /static/img/hof1.svg HTTP/1.1" 304 0
[26/Aug/2024 10:14:11] "GET /static/img/insta.svg HTTP/1.1" 304 0
Not Found: /favicon.ico
[26/Aug/2024 10:14:11] "GET /favicon.ico HTTP/1.1" 404 5289
[26/Aug/2024 10:14:11] "GET /media/TECB2258.JPEG HTTP/1.1" 200 2151404
[26/Aug/2024 10:14:12] "GET / HTTP/1.1" 200 6471
[26/Aug/2024 10:17:17] "GET / HTTP/1.1" 200 6394
Invalid HTTP_HOST header: 'speed.cloudflare.com'. You may need to add 'speed.cloudflare.com' to ALLOWED_HOSTS.
Traceback (most recent call last):
  File "/mnt/newvolume/allo.venv/lib/python3.12/site-packages/django/core/handlers/exception.py", line 55, in inner
    response = get_response(request)
               ^^^^^^^^^^^^^^^^^^^^^
  File "/mnt/newvolume/allo.venv/lib/python3.12/site-packages/django/utils/deprecation.py", line 133, in __call__
    response = self.process_request(request)
               ^^^^^^^^^^^^^^^^^^^^^^^^^^^^^
  File "/mnt/newvolume/allo.venv/lib/python3.12/site-packages/django/middleware/common.py", line 48, in process_request
    host = request.get_host()
           ^^^^^^^^^^^^^^^^^^
  File "/mnt/newvolume/allo.venv/lib/python3.12/site-packages/django/http/request.py", line 150, in get_host
    raise DisallowedHost(msg)
django.core.exceptions.DisallowedHost: Invalid HTTP_HOST header: 'speed.cloudflare.com'. You may need to add 'speed.cloudflare.com' to ALLOWED_HOSTS.
Bad Request: /cdn-cgi/trace
[26/Aug/2024 10:19:26] "GET /cdn-cgi/trace HTTP/1.1" 400 64818
[26/Aug/2024 10:20:33] code 400, message Bad request version ('À\x13À')
[26/Aug/2024 10:20:33] You're accessing the development server over HTTPS, but it only supports HTTP.
Not Found: /.env
[26/Aug/2024 10:29:25] "GET /.env HTTP/1.1" 404 5268
Forbidden (CSRF cookie not set.): /
[26/Aug/2024 10:29:26] "POST / HTTP/1.1" 403 3000
Not Found: /manager/html
[26/Aug/2024 11:02:02] "GET /manager/html HTTP/1.1" 404 5292
Invalid HTTP_HOST header: 'ip-172-31-9-246.ap-northeast-2.compute.internal'. You may need to add 'ip-172-31-9-246.ap-northeast-2.compute.internal' to ALLOWED_HOSTS.
Traceback (most recent call last):
  File "/mnt/newvolume/allo.venv/lib/python3.12/site-packages/django/core/handlers/exception.py", line 55, in inner
    response = get_response(request)
               ^^^^^^^^^^^^^^^^^^^^^
  File "/mnt/newvolume/allo.venv/lib/python3.12/site-packages/django/utils/deprecation.py", line 133, in __call__
    response = self.process_request(request)
               ^^^^^^^^^^^^^^^^^^^^^^^^^^^^^
  File "/mnt/newvolume/allo.venv/lib/python3.12/site-packages/django/middleware/common.py", line 48, in process_request
    host = request.get_host()
           ^^^^^^^^^^^^^^^^^^
  File "/mnt/newvolume/allo.venv/lib/python3.12/site-packages/django/http/request.py", line 150, in get_host
    raise DisallowedHost(msg)
django.core.exceptions.DisallowedHost: Invalid HTTP_HOST header: 'ip-172-31-9-246.ap-northeast-2.compute.internal'. You may need to add 'ip-172-31-9-246.ap-northeast-2.compute.internal' to ALLOWED_HOSTS.
Bad Request: /
[26/Aug/2024 11:32:59] "GET / HTTP/1.0" 400 64991
[26/Aug/2024 11:42:02] "GET / HTTP/1.1" 200 6394
[26/Aug/2024 11:42:24] "GET / HTTP/1.1" 200 6394
[26/Aug/2024 11:42:25] "GET /static/img/allo_logo.jpg HTTP/1.1" 200 169311
[26/Aug/2024 11:42:42] "GET / HTTP/1.1" 200 6394
Invalid HTTP_HOST header: 'ip-172-31-9-246.ap-northeast-2.compute.internal'. You may need to add 'ip-172-31-9-246.ap-northeast-2.compute.internal' to ALLOWED_HOSTS.
Traceback (most recent call last):
  File "/mnt/newvolume/allo.venv/lib/python3.12/site-packages/django/core/handlers/exception.py", line 55, in inner
    response = get_response(request)
               ^^^^^^^^^^^^^^^^^^^^^
  File "/mnt/newvolume/allo.venv/lib/python3.12/site-packages/django/utils/deprecation.py", line 133, in __call__
    response = self.process_request(request)
               ^^^^^^^^^^^^^^^^^^^^^^^^^^^^^
  File "/mnt/newvolume/allo.venv/lib/python3.12/site-packages/django/middleware/common.py", line 48, in process_request
    host = request.get_host()
           ^^^^^^^^^^^^^^^^^^
  File "/mnt/newvolume/allo.venv/lib/python3.12/site-packages/django/http/request.py", line 150, in get_host
    raise DisallowedHost(msg)
django.core.exceptions.DisallowedHost: Invalid HTTP_HOST header: 'ip-172-31-9-246.ap-northeast-2.compute.internal'. You may need to add 'ip-172-31-9-246.ap-northeast-2.compute.internal' to ALLOWED_HOSTS.
Bad Request: /
Traceback (most recent call last):
  File "/usr/lib/python3.12/wsgiref/handlers.py", line 138, in run
    self.finish_response()
  File "/mnt/newvolume/allo.venv/lib/python3.12/site-packages/django/core/servers/basehttp.py", line 173, in finish_response
    super().finish_response()
  File "/usr/lib/python3.12/wsgiref/handlers.py", line 184, in finish_response
    self.write(data)
  File "/usr/lib/python3.12/wsgiref/handlers.py", line 298, in write
    self._write(data)
  File "/usr/lib/python3.12/wsgiref/handlers.py", line 472, in _write
    result = self.stdout.write(data)
             ^^^^^^^^^^^^^^^^^^^^^^^
  File "/usr/lib/python3.12/socketserver.py", line 840, in write
    self._sock.sendall(b)
TimeoutError: [Errno 110] Connection timed out
[26/Aug/2024 12:02:48] "GET / HTTP/1.1" 200 6394
[26/Aug/2024 12:02:51] "GET / HTTP/1.1" 200 6394
[26/Aug/2024 12:03:34] "GET / HTTP/1.1" 200 6394
[26/Aug/2024 12:03:34] "GET /static/css/reset.css HTTP/1.1" 200 1862
[26/Aug/2024 12:03:34] "GET /static/css/style.css HTTP/1.1" 200 4067
[26/Aug/2024 12:03:34] "GET /static/css/users/home.css HTTP/1.1" 200 3533
[26/Aug/2024 12:03:34] "GET /static/js/main.js HTTP/1.1" 200 1575
[26/Aug/2024 12:03:34] "GET /static/img/ALLO.svg HTTP/1.1" 200 10771
[26/Aug/2024 12:03:34] "GET /static/img/search2.png HTTP/1.1" 200 20153
[26/Aug/2024 12:03:34] "GET /static/img/allo_logo.jpg HTTP/1.1" 200 169311
[26/Aug/2024 12:03:34] "GET /static/img/notification2.png HTTP/1.1" 200 13265
[26/Aug/2024 12:03:34] "GET /static/img/interview.svg HTTP/1.1" 200 199
[26/Aug/2024 12:03:34] "GET /static/img/bubble-interview.svg HTTP/1.1" 200 217
[26/Aug/2024 12:03:34] "GET /static/img/user.svg HTTP/1.1" 200 763
[26/Aug/2024 12:03:34] "GET /static/img/hof2.svg HTTP/1.1" 200 3707
[26/Aug/2024 12:03:35] "GET /static/img/hof1.svg HTTP/1.1" 200 2954
[26/Aug/2024 12:03:35] "GET /static/img/github.svg HTTP/1.1" 200 2059
[26/Aug/2024 12:03:35] "GET /static/img/insta.svg HTTP/1.1" 200 3014
[26/Aug/2024 12:03:35] "GET /media/TECB2258.JPEG HTTP/1.1" 200 2151404
[26/Aug/2024 12:03:43] "GET / HTTP/1.1" 200 6394
[26/Aug/2024 12:03:47] "GET /signup/ HTTP/1.1" 200 4241
[26/Aug/2024 12:03:47] "GET /static/css/users/signup.css HTTP/1.1" 200 1267
[26/Aug/2024 12:03:50] "GET /community/post/ HTTP/1.1" 200 5036
[26/Aug/2024 12:03:50] "GET /static/img/full-heart.svg HTTP/1.1" 200 283
[26/Aug/2024 12:03:50] "GET /static/css/community/community_list.css HTTP/1.1" 200 2591
[26/Aug/2024 12:03:50] "GET /static/js/community/community_list.js HTTP/1.1" 200 377
[26/Aug/2024 12:03:50] "GET /static/img/full-bookmark.svg HTTP/1.1" 200 180
[26/Aug/2024 12:03:53] "GET /recipe/recipe_list/ HTTP/1.1" 200 4435
[26/Aug/2024 12:03:53] "GET /static/css/recipe/recipe_list.css HTTP/1.1" 200 3567
[26/Aug/2024 12:03:53] "GET /static/js/recipe/recipe_list.js HTTP/1.1" 200 2749
[26/Aug/2024 12:03:53] "GET /static/js/recipe/recipe_category.js HTTP/1.1" 200 571
[26/Aug/2024 12:03:57] "GET /interior/ HTTP/1.1" 200 4174
[26/Aug/2024 12:03:57] "GET /static/css/interior/interior_list.css HTTP/1.1" 200 2299
[26/Aug/2024 12:03:57] "GET /static/js/interior/interior_category.js HTTP/1.1" 200 673
[26/Aug/2024 12:03:59] "GET /recycle/ HTTP/1.1" 200 4348
[26/Aug/2024 12:03:59] "GET /static/css/recycle/recycle_category.css HTTP/1.1" 200 601
[26/Aug/2024 12:03:59] "GET /static/css/recycle/recycle_main.css HTTP/1.1" 200 997
[26/Aug/2024 12:03:59] "GET /static/js/recycle/recycle_category.js HTTP/1.1" 200 3787
[26/Aug/2024 12:03:59] "GET /static/img/search.png HTTP/1.1" 200 16445
[26/Aug/2024 12:04:03] "POST /recycle/ HTTP/1.1" 200 4531
[26/Aug/2024 12:05:39] "GET / HTTP/1.1" 200 6394
[26/Aug/2024 12:05:39,523] - Broken pipe from ('185.224.128.59', 57954)
[26/Aug/2024 12:14:52] "GET / HTTP/1.1" 200 6394
[26/Aug/2024 12:44:21] "GET / HTTP/1.1" 200 6394
Not Found: /favicon.ico
[26/Aug/2024 12:46:52] "GET /favicon.ico HTTP/1.1" 404 5289
Not Found: /geoserver/web/
[26/Aug/2024 12:47:20] "GET /geoserver/web/ HTTP/1.1" 404 5298
[26/Aug/2024 13:10:08] code 400, message Bad request version ('À\x14À')
[26/Aug/2024 13:10:08] You're accessing the development server over HTTPS, but it only supports HTTP.
Not Found: /.env
[26/Aug/2024 13:12:02] "GET /.env HTTP/1.1" 404 5268
Forbidden (CSRF cookie not set.): /
[26/Aug/2024 13:12:03] "POST / HTTP/1.1" 403 3000
[26/Aug/2024 13:19:30] "GET / HTTP/1.1" 200 6394
Invalid HTTP_HOST header: 'ip-172-31-9-246.ap-northeast-2.compute.internal'. You may need to add 'ip-172-31-9-246.ap-northeast-2.compute.internal' to ALLOWED_HOSTS.
Traceback (most recent call last):
  File "/mnt/newvolume/allo.venv/lib/python3.12/site-packages/django/core/handlers/exception.py", line 55, in inner
    response = get_response(request)
               ^^^^^^^^^^^^^^^^^^^^^
  File "/mnt/newvolume/allo.venv/lib/python3.12/site-packages/django/utils/deprecation.py", line 133, in __call__
    response = self.process_request(request)
               ^^^^^^^^^^^^^^^^^^^^^^^^^^^^^
  File "/mnt/newvolume/allo.venv/lib/python3.12/site-packages/django/middleware/common.py", line 48, in process_request
    host = request.get_host()
           ^^^^^^^^^^^^^^^^^^
  File "/mnt/newvolume/allo.venv/lib/python3.12/site-packages/django/http/request.py", line 150, in get_host
    raise DisallowedHost(msg)
django.core.exceptions.DisallowedHost: Invalid HTTP_HOST header: 'ip-172-31-9-246.ap-northeast-2.compute.internal'. You may need to add 'ip-172-31-9-246.ap-northeast-2.compute.internal' to ALLOWED_HOSTS.
Bad Request: /
[26/Aug/2024 13:24:28] "GET / HTTP/1.0" 400 64956
Invalid HTTP_HOST header: 'ip-172-31-9-246.ap-northeast-2.compute.internal'. You may need to add 'ip-172-31-9-246.ap-northeast-2.compute.internal' to ALLOWED_HOSTS.
Traceback (most recent call last):
  File "/mnt/newvolume/allo.venv/lib/python3.12/site-packages/django/core/handlers/exception.py", line 55, in inner
    response = get_response(request)
               ^^^^^^^^^^^^^^^^^^^^^
  File "/mnt/newvolume/allo.venv/lib/python3.12/site-packages/django/utils/deprecation.py", line 133, in __call__
    response = self.process_request(request)
               ^^^^^^^^^^^^^^^^^^^^^^^^^^^^^
  File "/mnt/newvolume/allo.venv/lib/python3.12/site-packages/django/middleware/common.py", line 48, in process_request
    host = request.get_host()
           ^^^^^^^^^^^^^^^^^^
  File "/mnt/newvolume/allo.venv/lib/python3.12/site-packages/django/http/request.py", line 150, in get_host
    raise DisallowedHost(msg)
django.core.exceptions.DisallowedHost: Invalid HTTP_HOST header: 'ip-172-31-9-246.ap-northeast-2.compute.internal'. You may need to add 'ip-172-31-9-246.ap-northeast-2.compute.internal' to ALLOWED_HOSTS.
Bad Request: /
[26/Aug/2024 14:05:18] "GET / HTTP/1.1" 200 6471
[26/Aug/2024 14:05:18] "GET /static/css/reset.css HTTP/1.1" 304 0
[26/Aug/2024 14:05:18] "GET /static/css/style.css HTTP/1.1" 304 0
[26/Aug/2024 14:05:18] "GET /static/css/users/home.css HTTP/1.1" 304 0
[26/Aug/2024 14:05:18] "GET /static/img/allo_logo.jpg HTTP/1.1" 304 0
[26/Aug/2024 14:05:18] "GET /static/img/ALLO.svg HTTP/1.1" 304 0
[26/Aug/2024 14:05:18] "GET /static/img/search2.png HTTP/1.1" 304 0
[26/Aug/2024 14:05:18] "GET /static/img/notification2.png HTTP/1.1" 304 0
[26/Aug/2024 14:05:18] "GET /static/js/main.js HTTP/1.1" 304 0
[26/Aug/2024 14:05:18] "GET /static/img/interview.svg HTTP/1.1" 304 0
[26/Aug/2024 14:05:18] "GET /static/img/bubble-interview.svg HTTP/1.1" 304 0
[26/Aug/2024 14:05:18] "GET /static/img/user.svg HTTP/1.1" 304 0
[26/Aug/2024 14:05:18] "GET /static/img/hof2.svg HTTP/1.1" 304 0
[26/Aug/2024 14:05:18] "GET /static/img/hof1.svg HTTP/1.1" 304 0
[26/Aug/2024 14:05:18] "GET /static/img/insta.svg HTTP/1.1" 304 0
[26/Aug/2024 14:05:18] "GET /static/img/github.svg HTTP/1.1" 304 0
[26/Aug/2024 14:05:18] "GET /media/TECB2258.JPEG HTTP/1.1" 304 0
[26/Aug/2024 14:05:25] "GET / HTTP/1.1" 200 6394
[26/Aug/2024 14:05:36] "GET / HTTP/1.1" 200 6394
[26/Aug/2024 14:05:37] "GET /static/img/allo_logo.jpg HTTP/1.1" 304 0
[26/Aug/2024 14:05:37] "GET /static/css/reset.css HTTP/1.1" 304 0
[26/Aug/2024 14:05:37] "GET /static/css/users/home.css HTTP/1.1" 304 0
[26/Aug/2024 14:05:37] "GET /static/img/notification2.png HTTP/1.1" 304 0
[26/Aug/2024 14:05:37] "GET /static/css/style.css HTTP/1.1" 304 0
[26/Aug/2024 14:05:37] "GET /static/img/search2.png HTTP/1.1" 304 0
[26/Aug/2024 14:05:37] "GET /static/js/main.js HTTP/1.1" 304 0
[26/Aug/2024 14:05:37] "GET /static/img/ALLO.svg HTTP/1.1" 304 0
[26/Aug/2024 14:05:37] "GET /static/img/interview.svg HTTP/1.1" 304 0
[26/Aug/2024 14:05:37] "GET /static/img/bubble-interview.svg HTTP/1.1" 304 0
[26/Aug/2024 14:05:37] "GET /static/img/hof2.svg HTTP/1.1" 304 0
[26/Aug/2024 14:05:37] "GET /static/img/user.svg HTTP/1.1" 304 0
[26/Aug/2024 14:05:37] "GET /static/img/hof1.svg HTTP/1.1" 304 0
[26/Aug/2024 14:05:37] "GET /static/img/github.svg HTTP/1.1" 304 0
[26/Aug/2024 14:05:37] "GET /media/TECB2258.JPEG HTTP/1.1" 304 0
[26/Aug/2024 14:05:37] "GET /static/img/insta.svg HTTP/1.1" 304 0
Not Found: /apple-touch-icon.png
[26/Aug/2024 14:05:39] "GET /apple-touch-icon.png HTTP/1.1" 404 5316
Not Found: /apple-touch-icon-precomposed.png
[26/Aug/2024 14:05:39] "GET /apple-touch-icon-precomposed.png HTTP/1.1" 404 5352
Not Found: /apple-touch-icon-precomposed.png
[26/Aug/2024 14:05:39] "GET /apple-touch-icon-precomposed.png HTTP/1.1" 404 5352
Not Found: /favicon.ico
[26/Aug/2024 14:05:39] "GET /favicon.ico HTTP/1.1" 404 5289
Not Found: /favicon.ico
[26/Aug/2024 14:05:39] "GET /favicon.ico HTTP/1.1" 404 5289
Not Found: /apple-touch-icon.png
[26/Aug/2024 14:05:39] "GET /apple-touch-icon.png HTTP/1.1" 404 5316
[26/Aug/2024 14:05:39] "GET / HTTP/1.1" 200 6394
[26/Aug/2024 14:05:39] "GET / HTTP/1.1" 200 6394
[26/Aug/2024 14:05:39] "GET /static/img/allo_logo.jpg HTTP/1.1" 200 169311
[26/Aug/2024 14:05:39] "GET /static/img/allo_logo.jpg HTTP/1.1" 200 169311
Invalid HTTP_HOST header: '127.0.0.1:80'. You may need to add '127.0.0.1' to ALLOWED_HOSTS.
Traceback (most recent call last):
  File "/mnt/newvolume/allo.venv/lib/python3.12/site-packages/django/core/handlers/exception.py", line 55, in inner
    response = get_response(request)
               ^^^^^^^^^^^^^^^^^^^^^
  File "/mnt/newvolume/allo.venv/lib/python3.12/site-packages/django/utils/deprecation.py", line 133, in __call__
    response = self.process_request(request)
               ^^^^^^^^^^^^^^^^^^^^^^^^^^^^^
  File "/mnt/newvolume/allo.venv/lib/python3.12/site-packages/django/middleware/common.py", line 48, in process_request
    host = request.get_host()
           ^^^^^^^^^^^^^^^^^^
  File "/mnt/newvolume/allo.venv/lib/python3.12/site-packages/django/http/request.py", line 150, in get_host
    raise DisallowedHost(msg)
django.core.exceptions.DisallowedHost: Invalid HTTP_HOST header: '127.0.0.1:80'. You may need to add '127.0.0.1' to ALLOWED_HOSTS.
Bad Request: /GponForm/diag_Form
[26/Aug/2024 14:13:39] "POST /GponForm/diag_Form?images/ HTTP/1.1" 400 65228
[26/Aug/2024 14:18:29,847] - Broken pipe from ('167.94.146.55', 37980)
[26/Aug/2024 14:18:33] "GET / HTTP/1.1" 200 6394
[26/Aug/2024 14:18:34,106] - Broken pipe from ('167.94.146.55', 54014)
[26/Aug/2024 14:18:37] "GET / HTTP/1.1" 200 6394
[26/Aug/2024 14:18:39] "GET /static/img/allo_logo.jpg HTTP/1.1" 200 169311
Not Found: /favicon.ico
[26/Aug/2024 14:18:41] "GET /favicon.ico HTTP/1.1" 404 5289
[26/Aug/2024 14:18:41] code 505, message Invalid HTTP version (2.0)
[26/Aug/2024 14:18:41] "PRI * HTTP/2.0" 505 -
[26/Aug/2024 14:22:10] code 400, message Bad request version ('ô')
[26/Aug/2024 14:22:10] "H   tj¨#D+Êð§»lÅ×¶íJnÁùxu[lðE-jìÔxLÉrÉuà%Rtgfv]%ÌèÏ® µÀfÈDÅ	ô" 400 -
[26/Aug/2024 14:32:59] code 400, message Bad request version ('À\x14À')
[26/Aug/2024 14:32:59] You're accessing the development server over HTTPS, but it only supports HTTP.
[26/Aug/2024 14:35:35] code 400, message Bad request version ('À\x14À')
[26/Aug/2024 14:35:35] You're accessing the development server over HTTPS, but it only supports HTTP.
Not Found: /favicon.ico
[26/Aug/2024 14:37:07] "GET /favicon.ico HTTP/1.1" 404 5289
[26/Aug/2024 14:37:25] "GET / HTTP/1.1" 200 6394
[26/Aug/2024 14:37:25,987] - Broken pipe from ('185.224.128.59', 51912)
[26/Aug/2024 14:38:44] code 400, message Bad request version ('À\x14À')
[26/Aug/2024 14:38:44] You're accessing the development server over HTTPS, but it only supports HTTP.
Not Found: /manage/account/login
[26/Aug/2024 14:40:18] "GET /manage/account/login HTTP/1.1" 404 5316
Invalid HTTP_HOST header: 'ip-172-31-9-246.ap-northeast-2.compute.internal'. You may need to add 'ip-172-31-9-246.ap-northeast-2.compute.internal' to ALLOWED_HOSTS.
Traceback (most recent call last):
  File "/mnt/newvolume/allo.venv/lib/python3.12/site-packages/django/core/handlers/exception.py", line 55, in inner
    response = get_response(request)
               ^^^^^^^^^^^^^^^^^^^^^
  File "/mnt/newvolume/allo.venv/lib/python3.12/site-packages/django/utils/deprecation.py", line 133, in __call__
    response = self.process_request(request)
               ^^^^^^^^^^^^^^^^^^^^^^^^^^^^^
  File "/mnt/newvolume/allo.venv/lib/python3.12/site-packages/django/middleware/common.py", line 48, in process_request
    host = request.get_host()
           ^^^^^^^^^^^^^^^^^^
  File "/mnt/newvolume/allo.venv/lib/python3.12/site-packages/django/http/request.py", line 150, in get_host
    raise DisallowedHost(msg)
django.core.exceptions.DisallowedHost: Invalid HTTP_HOST header: 'ip-172-31-9-246.ap-northeast-2.compute.internal'. You may need to add 'ip-172-31-9-246.ap-northeast-2.compute.internal' to ALLOWED_HOSTS.
Bad Request: /
[26/Aug/2024 14:43:25] code 400, message Bad request version ('\x95')
[26/Aug/2024 14:43:25] You're accessing the development server over HTTPS, but it only supports HTTP.
[26/Aug/2024 14:44:58] "GET /admin/index.html HTTP/1.1" 302 0
[26/Aug/2024 14:48:04] code 400, message Bad request version ('À\x14À')
[26/Aug/2024 14:48:04] You're accessing the development server over HTTPS, but it only supports HTTP.
Not Found: /index.html
[26/Aug/2024 14:49:38] "GET /index.html HTTP/1.1" 404 5286
[26/Aug/2024 14:53:12] code 400, message Bad request syntax ('\x16\x03\x01\x00±\x01\x00\x00\xad\x03\x03!\x1a\x15¸óz·Í¢')
[26/Aug/2024 14:53:12] You're accessing the development server over HTTPS, but it only supports HTTP.
Not Found: /+CSCOE+/logon.html
[26/Aug/2024 14:54:45] "GET /+CSCOE+/logon.html HTTP/1.1" 404 5310
[26/Aug/2024 14:57:46] code 400, message Bad request version ('À\x14À')
[26/Aug/2024 14:57:46] You're accessing the development server over HTTPS, but it only supports HTTP.
Not Found: /cgi-bin/login.cgi
[26/Aug/2024 14:59:18] "GET /cgi-bin/login.cgi HTTP/1.1" 404 5307
[26/Aug/2024 15:02:18] code 400, message Bad request version ('À\x14À')
[26/Aug/2024 15:02:18] You're accessing the development server over HTTPS, but it only supports HTTP.
Not Found: /logon.htm
[26/Aug/2024 15:03:51] "GET /logon.htm HTTP/1.1" 404 5283
[26/Aug/2024 15:04:27] "GET / HTTP/1.1" 200 6394
[26/Aug/2024 15:06:59] code 400, message Bad request version ('À\x14À')
[26/Aug/2024 15:06:59] You're accessing the development server over HTTPS, but it only supports HTTP.
Not Found: /login.jsp
[26/Aug/2024 15:08:31] "GET /login.jsp HTTP/1.1" 404 5283
Invalid HTTP_HOST header: 'ip-172-31-9-246.ap-northeast-2.compute.internal'. You may need to add 'ip-172-31-9-246.ap-northeast-2.compute.internal' to ALLOWED_HOSTS.
Traceback (most recent call last):
  File "/mnt/newvolume/allo.venv/lib/python3.12/site-packages/django/core/handlers/exception.py", line 55, in inner
    response = get_response(request)
               ^^^^^^^^^^^^^^^^^^^^^
  File "/mnt/newvolume/allo.venv/lib/python3.12/site-packages/django/utils/deprecation.py", line 133, in __call__
    response = self.process_request(request)
               ^^^^^^^^^^^^^^^^^^^^^^^^^^^^^
  File "/mnt/newvolume/allo.venv/lib/python3.12/site-packages/django/middleware/common.py", line 48, in process_request
    host = request.get_host()
           ^^^^^^^^^^^^^^^^^^
  File "/mnt/newvolume/allo.venv/lib/python3.12/site-packages/django/http/request.py", line 150, in get_host
    raise DisallowedHost(msg)
django.core.exceptions.DisallowedHost: Invalid HTTP_HOST header: 'ip-172-31-9-246.ap-northeast-2.compute.internal'. You may need to add 'ip-172-31-9-246.ap-northeast-2.compute.internal' to ALLOWED_HOSTS.
Bad Request: /
[26/Aug/2024 15:11:37] code 400, message Bad request version ('À\x14À')
[26/Aug/2024 15:11:37] You're accessing the development server over HTTPS, but it only supports HTTP.
Not Found: /doc/index.html
[26/Aug/2024 15:13:09] "GET /doc/index.html HTTP/1.1" 404 5298
[26/Aug/2024 15:15:04] "GET / HTTP/1.1" 200 6394
[26/Aug/2024 15:16:13] code 400, message Bad request version ('À\x14À')
[26/Aug/2024 15:16:13] You're accessing the development server over HTTPS, but it only supports HTTP.
[26/Aug/2024 15:17:45] "GET / HTTP/1.1" 200 6394
[26/Aug/2024 15:41:30] "GET / HTTP/1.1" 200 6394
[26/Aug/2024 15:41:33] "GET / HTTP/1.1" 200 6394
[26/Aug/2024 15:41:33] "GET /static/css/reset.css HTTP/1.1" 200 1862
[26/Aug/2024 15:41:33] "GET /static/css/style.css HTTP/1.1" 200 4067
[26/Aug/2024 15:41:33] "GET /static/css/users/home.css HTTP/1.1" 200 3533
[26/Aug/2024 15:41:33] "GET /static/img/ALLO.svg HTTP/1.1" 200 10771
[26/Aug/2024 15:41:33] "GET /static/img/allo_logo.jpg HTTP/1.1" 200 169311
[26/Aug/2024 15:41:33] "GET /static/img/search2.png HTTP/1.1" 200 20153
[26/Aug/2024 15:41:33] "GET /static/img/notification2.png HTTP/1.1" 200 13265
[26/Aug/2024 15:41:33] "GET /static/js/main.js HTTP/1.1" 200 1575
[26/Aug/2024 15:41:33] "GET /static/img/interview.svg HTTP/1.1" 200 199
[26/Aug/2024 15:41:33] "GET /static/img/bubble-interview.svg HTTP/1.1" 200 217
[26/Aug/2024 15:41:33] "GET /static/img/user.svg HTTP/1.1" 200 763
[26/Aug/2024 15:41:33] "GET /static/img/hof2.svg HTTP/1.1" 200 3707
[26/Aug/2024 15:41:33] "GET /static/img/insta.svg HTTP/1.1" 200 3014
[26/Aug/2024 15:41:33] "GET /static/img/hof1.svg HTTP/1.1" 200 2954
[26/Aug/2024 15:41:33] "GET /static/img/github.svg HTTP/1.1" 200 2059
[26/Aug/2024 15:41:33] "GET /media/TECB2258.JPEG HTTP/1.1" 200 2151404
[26/Aug/2024 15:50:51] code 400, message Bad request version ('À\x13À')
[26/Aug/2024 15:50:51] You're accessing the development server over HTTPS, but it only supports HTTP.
[26/Aug/2024 15:50:51] code 400, message Bad request version ('À(À$À\x14À')
[26/Aug/2024 15:50:51] You're accessing the development server over HTTPS, but it only supports HTTP.
[26/Aug/2024 16:01:34] "GET / HTTP/1.1" 200 6394
[26/Aug/2024 16:07:50] "GET / HTTP/1.1" 200 6471
[26/Aug/2024 16:07:50] "GET /static/css/reset.css HTTP/1.1" 200 1862
[26/Aug/2024 16:07:50] "GET /static/css/style.css HTTP/1.1" 200 4067
[26/Aug/2024 16:07:50] "GET /static/css/users/home.css HTTP/1.1" 200 3533
[26/Aug/2024 16:07:50] "GET /static/img/ALLO.svg HTTP/1.1" 200 10771
[26/Aug/2024 16:07:50] "GET /static/img/allo_logo.jpg HTTP/1.1" 200 169311
[26/Aug/2024 16:07:50] "GET /static/img/search2.png HTTP/1.1" 200 20153
[26/Aug/2024 16:07:50] "GET /static/img/notification2.png HTTP/1.1" 200 13265
[26/Aug/2024 16:07:50] "GET /static/js/main.js HTTP/1.1" 200 1575
[26/Aug/2024 16:07:50] "GET /static/img/interview.svg HTTP/1.1" 200 199
[26/Aug/2024 16:07:50] "GET /static/img/bubble-interview.svg HTTP/1.1" 200 217
[26/Aug/2024 16:07:51] "GET /static/img/user.svg HTTP/1.1" 200 763
[26/Aug/2024 16:07:51] "GET /static/img/hof2.svg HTTP/1.1" 200 3707
[26/Aug/2024 16:07:51] "GET /static/img/insta.svg HTTP/1.1" 200 3014
[26/Aug/2024 16:07:51] "GET /static/img/github.svg HTTP/1.1" 200 2059
[26/Aug/2024 16:07:51] "GET /static/img/hof1.svg HTTP/1.1" 200 2954
[26/Aug/2024 16:07:51] "GET /media/TECB2258.JPEG HTTP/1.1" 200 2151404
[26/Aug/2024 16:07:52] "GET / HTTP/1.1" 200 6394
[26/Aug/2024 16:07:52] "GET /static/css/reset.css HTTP/1.1" 200 1862
[26/Aug/2024 16:07:52] "GET /static/css/style.css HTTP/1.1" 200 4067
[26/Aug/2024 16:07:52] "GET /static/css/users/home.css HTTP/1.1" 200 3533
[26/Aug/2024 16:07:52] "GET /static/img/ALLO.svg HTTP/1.1" 200 10771
[26/Aug/2024 16:07:52] "GET /static/img/search2.png HTTP/1.1" 200 20153
[26/Aug/2024 16:07:52] "GET /static/img/allo_logo.jpg HTTP/1.1" 200 169311
[26/Aug/2024 16:07:52] "GET /static/img/notification2.png HTTP/1.1" 200 13265
[26/Aug/2024 16:07:52] "GET /static/js/main.js HTTP/1.1" 200 1575
[26/Aug/2024 16:07:52] "GET /static/img/interview.svg HTTP/1.1" 200 199
[26/Aug/2024 16:07:52] "GET /static/img/bubble-interview.svg HTTP/1.1" 200 217
[26/Aug/2024 16:07:52] "GET /static/img/user.svg HTTP/1.1" 200 763
[26/Aug/2024 16:07:52] "GET /static/img/hof2.svg HTTP/1.1" 200 3707
[26/Aug/2024 16:07:52] "GET /media/TECB2258.JPEG HTTP/1.1" 200 2151404
[26/Aug/2024 16:07:52] "GET /static/img/hof1.svg HTTP/1.1" 200 2954
[26/Aug/2024 16:07:52] "GET /static/img/github.svg HTTP/1.1" 200 2059
[26/Aug/2024 16:07:52] "GET /static/img/insta.svg HTTP/1.1" 200 3014
[26/Aug/2024 16:07:55] "GET /mypage/ HTTP/1.1" 200 8159
[26/Aug/2024 16:07:55] "GET /static/css/users/mypage.css HTTP/1.1" 200 5775
[26/Aug/2024 16:07:55] "GET /static/img/setting.svg HTTP/1.1" 200 906
[26/Aug/2024 16:07:55] "GET /static/js/user/mypage.js HTTP/1.1" 200 11150
[26/Aug/2024 16:07:55] "GET /static/img/grid.svg HTTP/1.1" 200 299
[26/Aug/2024 16:07:55] "GET /static/img/bookmark-black.svg HTTP/1.1" 200 212
[26/Aug/2024 16:07:55] "GET /static/img/no.svg HTTP/1.1" 200 202
POST data: <QueryDict: {'csrfmiddlewaretoken': ['5ZTxLPHZUTIdKWXf2TZCjmafpRj6lduF1j9GZaPDSSo7VEGhjmHjwepK1Yy8L9vk'], 'username': ['nk'], 'email': ['nk@naver.com'], 'name': ['윤수정']}>
FILES data: <MultiValueDict: {'profile_image': [<InMemoryUploadedFile: Untitled (4).png (image/png)>]}>
[26/Aug/2024 16:08:12] "POST /profile/edit/ HTTP/1.1" 200 21
[26/Aug/2024 16:08:12] "GET /mypage/ HTTP/1.1" 200 8153
[26/Aug/2024 16:08:12] "GET /media/Untitled_4.png HTTP/1.1" 200 1023683
[26/Aug/2024 16:08:13] "GET / HTTP/1.1" 200 6465
[26/Aug/2024 16:08:13] "GET /media/Untitled_4.png HTTP/1.1" 304 0
[26/Aug/2024 16:08:18] "GET /community/post/ HTTP/1.1" 200 5197
[26/Aug/2024 16:08:18] "GET /static/img/full-heart.svg HTTP/1.1" 200 283
[26/Aug/2024 16:08:18] "GET /static/css/community/community_list.css HTTP/1.1" 200 2591
[26/Aug/2024 16:08:18] "GET /static/js/community/community_list.js HTTP/1.1" 200 377
[26/Aug/2024 16:08:18] "GET /static/img/full-bookmark.svg HTTP/1.1" 200 180
[26/Aug/2024 16:08:19] "GET /community/post/1/ HTTP/1.1" 200 5811
[26/Aug/2024 16:08:19] "GET /static/css/community/community_detail.css HTTP/1.1" 200 3919
[26/Aug/2024 16:08:19] "GET /static/js/community/community_detail.js HTTP/1.1" 200 8513
[26/Aug/2024 16:08:19] "GET /static/img/heart.svg HTTP/1.1" 200 457
[26/Aug/2024 16:08:19] "GET /static/img/bookmark.svg HTTP/1.1" 200 214
[26/Aug/2024 16:08:23] "POST /community/post/1/like/ HTTP/1.1" 200 33
[26/Aug/2024 16:08:24] "POST /community/post/1/bookmark/ HTTP/1.1" 200 42
[26/Aug/2024 16:08:24] "POST /community/send_friend_request/123/ HTTP/1.1" 200 99
[26/Aug/2024 16:08:30] "GET /community/post/ HTTP/1.1" 200 5197
[26/Aug/2024 16:08:31] "GET /community/events/ HTTP/1.1" 200 3583
[26/Aug/2024 16:08:32] "GET /static/css/community/event_list.css HTTP/1.1" 200 1826
[26/Aug/2024 16:08:32] "GET /community/notices/ HTTP/1.1" 200 3583
[26/Aug/2024 16:08:33] "GET / HTTP/1.1" 200 6465
[26/Aug/2024 16:08:33] "GET /media/Untitled_4.png HTTP/1.1" 304 0
[26/Aug/2024 16:08:37] "GET /mypage/ HTTP/1.1" 200 8779
[26/Aug/2024 16:08:37] "GET /media/Untitled_4.png HTTP/1.1" 304 0
[26/Aug/2024 16:08:43] "GET /recipe/recipe_list/ HTTP/1.1" 200 4512
[26/Aug/2024 16:08:43] "GET /static/css/recipe/recipe_list.css HTTP/1.1" 200 3567
[26/Aug/2024 16:08:43] "GET /static/js/recipe/recipe_list.js HTTP/1.1" 200 2749
[26/Aug/2024 16:08:43] "GET /static/js/recipe/recipe_category.js HTTP/1.1" 200 571
[26/Aug/2024 16:08:45] "GET / HTTP/1.1" 200 6465
[26/Aug/2024 16:08:45] "GET /media/Untitled_4.png HTTP/1.1" 304 0
[26/Aug/2024 16:08:45] "GET / HTTP/1.1" 200 6465
[26/Aug/2024 16:10:46] "GET /media/Untitled_4.png HTTP/1.1" 304 0
Invalid HTTP_HOST header: 'sswu-allo.site'. You may need to add 'sswu-allo.site' to ALLOWED_HOSTS.
Traceback (most recent call last):
  File "/mnt/newvolume/allo.venv/lib/python3.12/site-packages/django/core/handlers/exception.py", line 55, in inner
    response = get_response(request)
               ^^^^^^^^^^^^^^^^^^^^^
  File "/mnt/newvolume/allo.venv/lib/python3.12/site-packages/django/utils/deprecation.py", line 133, in __call__
    response = self.process_request(request)
               ^^^^^^^^^^^^^^^^^^^^^^^^^^^^^
  File "/mnt/newvolume/allo.venv/lib/python3.12/site-packages/django/middleware/common.py", line 48, in process_request
    host = request.get_host()
           ^^^^^^^^^^^^^^^^^^
  File "/mnt/newvolume/allo.venv/lib/python3.12/site-packages/django/http/request.py", line 150, in get_host
    raise DisallowedHost(msg)
django.core.exceptions.DisallowedHost: Invalid HTTP_HOST header: 'sswu-allo.site'. You may need to add 'sswu-allo.site' to ALLOWED_HOSTS.
Bad Request: /
[26/Aug/2024 16:13:47] "GET / HTTP/1.1" 400 65600
Invalid HTTP_HOST header: 'sswu-allo.site'. You may need to add 'sswu-allo.site' to ALLOWED_HOSTS.
Traceback (most recent call last):
  File "/mnt/newvolume/allo.venv/lib/python3.12/site-packages/django/core/handlers/exception.py", line 55, in inner
    response = get_response(request)
               ^^^^^^^^^^^^^^^^^^^^^
  File "/mnt/newvolume/allo.venv/lib/python3.12/site-packages/django/utils/deprecation.py", line 133, in __call__
    response = self.process_request(request)
               ^^^^^^^^^^^^^^^^^^^^^^^^^^^^^
  File "/mnt/newvolume/allo.venv/lib/python3.12/site-packages/django/middleware/common.py", line 48, in process_request
    host = request.get_host()
           ^^^^^^^^^^^^^^^^^^
  File "/mnt/newvolume/allo.venv/lib/python3.12/site-packages/django/http/request.py", line 150, in get_host
    raise DisallowedHost(msg)
django.core.exceptions.DisallowedHost: Invalid HTTP_HOST header: 'sswu-allo.site'. You may need to add 'sswu-allo.site' to ALLOWED_HOSTS.
Bad Request: /favicon.ico
[26/Aug/2024 16:13:48] "GET /favicon.ico HTTP/1.1" 400 65434
[26/Aug/2024 16:18:33] "GET / HTTP/1.1" 200 6388
[26/Aug/2024 16:18:33] "GET /media/Untitled_4.png HTTP/1.1" 200 1023683
[26/Aug/2024 16:18:34] "GET / HTTP/1.1" 200 6465
[26/Aug/2024 16:18:34] "GET /media/Untitled_4.png HTTP/1.1" 304 0
[26/Aug/2024 16:18:36] "GET /recycle/ HTTP/1.1" 200 4348
[26/Aug/2024 16:18:36] "GET /static/css/recycle/recycle_category.css HTTP/1.1" 200 601
[26/Aug/2024 16:18:36] "GET /static/css/recycle/recycle_main.css HTTP/1.1" 200 997
[26/Aug/2024 16:18:36] "GET /static/js/recycle/recycle_category.js HTTP/1.1" 200 3787
[26/Aug/2024 16:18:36] "GET /static/img/search.png HTTP/1.1" 200 16445
[26/Aug/2024 16:18:36] "GET /recycle/ HTTP/1.1" 200 4425
[26/Aug/2024 16:18:36] "GET /static/css/recycle/recycle_category.css HTTP/1.1" 200 601
[26/Aug/2024 16:18:36] "GET /static/css/recycle/recycle_main.css HTTP/1.1" 200 997
[26/Aug/2024 16:18:36] "GET /static/js/recycle/recycle_category.js HTTP/1.1" 200 3787
[26/Aug/2024 16:18:36] "GET /static/img/search.png HTTP/1.1" 200 16445
[26/Aug/2024 16:18:37] "GET /recycle/clothing/ HTTP/1.1" 200 4702
[26/Aug/2024 16:18:37] "GET /static/css/recycle/clothing.css HTTP/1.1" 200 1137
[26/Aug/2024 16:18:37] "GET /static/img/polygon.svg HTTP/1.1" 200 198
[26/Aug/2024 16:18:37] "GET /recycle/clothing/ HTTP/1.1" 200 4625
[26/Aug/2024 16:18:37] "GET /static/css/recycle/clothing.css HTTP/1.1" 200 1137
[26/Aug/2024 16:18:37] "GET /static/img/polygon.svg HTTP/1.1" 200 198
[26/Aug/2024 16:18:39] "GET /recycle/map/ HTTP/1.1" 200 4333
[26/Aug/2024 16:18:39] "GET /static/css/recycle/map.css HTTP/1.1" 200 1751
[26/Aug/2024 16:18:39] "GET /static/js/recycle/map.js HTTP/1.1" 200 45109
[26/Aug/2024 16:18:39] "GET /recycle/map/ HTTP/1.1" 200 4256
[26/Aug/2024 16:18:39] "GET /static/css/recycle/map.css HTTP/1.1" 200 1751
[26/Aug/2024 16:18:39] "GET /static/js/recycle/map.js HTTP/1.1" 200 45109
[26/Aug/2024 16:18:44] "GET /recycle/map/? HTTP/1.1" 200 4256
[26/Aug/2024 16:18:45] "GET /recycle/ HTTP/1.1" 200 4425
[26/Aug/2024 16:18:47] "GET /recycle/vinyl/ HTTP/1.1" 200 5850
[26/Aug/2024 16:18:47] "GET /static/css/recycle/trash.css HTTP/1.1" 200 1449
[26/Aug/2024 16:18:50] "GET /recycle/plastic/ HTTP/1.1" 200 6286
[26/Aug/2024 16:18:58] "GET / HTTP/1.1" 200 6465
[26/Aug/2024 16:19:54] "GET / HTTP/1.1" 200 6465
[26/Aug/2024 16:19:54] "GET /static/css/reset.css HTTP/1.1" 200 1862
[26/Aug/2024 16:19:54] "GET /static/css/style.css HTTP/1.1" 200 4067
[26/Aug/2024 16:19:54] "GET /static/css/users/home.css HTTP/1.1" 200 3533
[26/Aug/2024 16:19:54] "GET /static/img/ALLO.svg HTTP/1.1" 200 10771
[26/Aug/2024 16:19:54] "GET /static/img/allo_logo.jpg HTTP/1.1" 200 169311
[26/Aug/2024 16:19:54] "GET /static/img/search2.png HTTP/1.1" 200 20153
[26/Aug/2024 16:19:54] "GET /static/img/notification2.png HTTP/1.1" 200 13265
[26/Aug/2024 16:19:54] "GET /static/js/main.js HTTP/1.1" 200 1575
[26/Aug/2024 16:19:54] "GET /static/img/interview.svg HTTP/1.1" 200 199
[26/Aug/2024 16:19:54] "GET /static/img/bubble-interview.svg HTTP/1.1" 200 217
[26/Aug/2024 16:19:54] "GET /static/img/hof2.svg HTTP/1.1" 200 3707
[26/Aug/2024 16:19:54] "GET /static/img/hof1.svg HTTP/1.1" 200 2954
[26/Aug/2024 16:19:54] "GET /static/img/github.svg HTTP/1.1" 200 2059
[26/Aug/2024 16:19:54] "GET /static/img/insta.svg HTTP/1.1" 200 3014
[26/Aug/2024 16:19:54] "GET /media/Untitled_4.png HTTP/1.1" 200 1023683
[26/Aug/2024 16:19:54] "GET /media/TECB2258.JPEG HTTP/1.1" 200 2151404
[26/Aug/2024 16:19:54] "GET /static/img/allo_logo.jpg HTTP/1.1" 200 169311
[26/Aug/2024 16:22:05] "GET /recycle/map/ HTTP/1.1" 200 4256
[26/Aug/2024 16:22:10] "GET /recycle/map/ HTTP/1.1" 200 4256
[26/Aug/2024 16:22:13] "GET /recycle/map/? HTTP/1.1" 200 4256
[26/Aug/2024 16:30:42] "GET / HTTP/1.1" 200 6465
[26/Aug/2024 16:30:42] "GET /media/Untitled_4.png HTTP/1.1" 304 0
Invalid HTTP_HOST header: 'sswu-allo.site'. You may need to add 'sswu-allo.site' to ALLOWED_HOSTS.
Traceback (most recent call last):
  File "/mnt/newvolume/allo.venv/lib/python3.12/site-packages/django/core/handlers/exception.py", line 55, in inner
    response = get_response(request)
               ^^^^^^^^^^^^^^^^^^^^^
  File "/mnt/newvolume/allo.venv/lib/python3.12/site-packages/django/utils/deprecation.py", line 133, in __call__
    response = self.process_request(request)
               ^^^^^^^^^^^^^^^^^^^^^^^^^^^^^
  File "/mnt/newvolume/allo.venv/lib/python3.12/site-packages/django/middleware/common.py", line 48, in process_request
    host = request.get_host()
           ^^^^^^^^^^^^^^^^^^
  File "/mnt/newvolume/allo.venv/lib/python3.12/site-packages/django/http/request.py", line 150, in get_host
    raise DisallowedHost(msg)
django.core.exceptions.DisallowedHost: Invalid HTTP_HOST header: 'sswu-allo.site'. You may need to add 'sswu-allo.site' to ALLOWED_HOSTS.
Bad Request: /
[26/Aug/2024 16:30:47] "GET / HTTP/1.1" 400 65491
Invalid HTTP_HOST header: 'sswu-allo.site'. You may need to add 'sswu-allo.site' to ALLOWED_HOSTS.
Traceback (most recent call last):
  File "/mnt/newvolume/allo.venv/lib/python3.12/site-packages/django/core/handlers/exception.py", line 55, in inner
    response = get_response(request)
               ^^^^^^^^^^^^^^^^^^^^^
  File "/mnt/newvolume/allo.venv/lib/python3.12/site-packages/django/utils/deprecation.py", line 133, in __call__
    response = self.process_request(request)
               ^^^^^^^^^^^^^^^^^^^^^^^^^^^^^
  File "/mnt/newvolume/allo.venv/lib/python3.12/site-packages/django/middleware/common.py", line 48, in process_request
    host = request.get_host()
           ^^^^^^^^^^^^^^^^^^
  File "/mnt/newvolume/allo.venv/lib/python3.12/site-packages/django/http/request.py", line 150, in get_host
    raise DisallowedHost(msg)
django.core.exceptions.DisallowedHost: Invalid HTTP_HOST header: 'sswu-allo.site'. You may need to add 'sswu-allo.site' to ALLOWED_HOSTS.
Bad Request: /favicon.ico
[26/Aug/2024 16:30:47] "GET /favicon.ico HTTP/1.1" 400 65462
Invalid HTTP_HOST header: 'sswu-allo.site'. You may need to add 'sswu-allo.site' to ALLOWED_HOSTS.
Traceback (most recent call last):
  File "/mnt/newvolume/allo.venv/lib/python3.12/site-packages/django/core/handlers/exception.py", line 55, in inner
    response = get_response(request)
               ^^^^^^^^^^^^^^^^^^^^^
  File "/mnt/newvolume/allo.venv/lib/python3.12/site-packages/django/utils/deprecation.py", line 133, in __call__
    response = self.process_request(request)
               ^^^^^^^^^^^^^^^^^^^^^^^^^^^^^
  File "/mnt/newvolume/allo.venv/lib/python3.12/site-packages/django/middleware/common.py", line 48, in process_request
    host = request.get_host()
           ^^^^^^^^^^^^^^^^^^
  File "/mnt/newvolume/allo.venv/lib/python3.12/site-packages/django/http/request.py", line 150, in get_host
    raise DisallowedHost(msg)
django.core.exceptions.DisallowedHost: Invalid HTTP_HOST header: 'sswu-allo.site'. You may need to add 'sswu-allo.site' to ALLOWED_HOSTS.
Bad Request: /
[26/Aug/2024 16:35:59] "GET / HTTP/1.1" 400 65491
Invalid HTTP_HOST header: 'sswu-allo.site'. You may need to add 'sswu-allo.site' to ALLOWED_HOSTS.
Traceback (most recent call last):
  File "/mnt/newvolume/allo.venv/lib/python3.12/site-packages/django/core/handlers/exception.py", line 55, in inner
    response = get_response(request)
               ^^^^^^^^^^^^^^^^^^^^^
  File "/mnt/newvolume/allo.venv/lib/python3.12/site-packages/django/utils/deprecation.py", line 133, in __call__
    response = self.process_request(request)
               ^^^^^^^^^^^^^^^^^^^^^^^^^^^^^
  File "/mnt/newvolume/allo.venv/lib/python3.12/site-packages/django/middleware/common.py", line 48, in process_request
    host = request.get_host()
           ^^^^^^^^^^^^^^^^^^
  File "/mnt/newvolume/allo.venv/lib/python3.12/site-packages/django/http/request.py", line 150, in get_host
    raise DisallowedHost(msg)
django.core.exceptions.DisallowedHost: Invalid HTTP_HOST header: 'sswu-allo.site'. You may need to add 'sswu-allo.site' to ALLOWED_HOSTS.
Bad Request: /favicon.ico
[26/Aug/2024 16:36:00] "GET /favicon.ico HTTP/1.1" 400 65462
Invalid HTTP_HOST header: 'sswu-allo.site'. You may need to add 'sswu-allo.site' to ALLOWED_HOSTS.
Traceback (most recent call last):
  File "/mnt/newvolume/allo.venv/lib/python3.12/site-packages/django/core/handlers/exception.py", line 55, in inner
    response = get_response(request)
               ^^^^^^^^^^^^^^^^^^^^^
  File "/mnt/newvolume/allo.venv/lib/python3.12/site-packages/django/utils/deprecation.py", line 133, in __call__
    response = self.process_request(request)
               ^^^^^^^^^^^^^^^^^^^^^^^^^^^^^
  File "/mnt/newvolume/allo.venv/lib/python3.12/site-packages/django/middleware/common.py", line 48, in process_request
    host = request.get_host()
           ^^^^^^^^^^^^^^^^^^
  File "/mnt/newvolume/allo.venv/lib/python3.12/site-packages/django/http/request.py", line 150, in get_host
    raise DisallowedHost(msg)
django.core.exceptions.DisallowedHost: Invalid HTTP_HOST header: 'sswu-allo.site'. You may need to add 'sswu-allo.site' to ALLOWED_HOSTS.
Bad Request: /
[26/Aug/2024 16:36:16] "GET / HTTP/1.1" 400 65487
Invalid HTTP_HOST header: 'sswu-allo.site'. You may need to add 'sswu-allo.site' to ALLOWED_HOSTS.
Traceback (most recent call last):
  File "/mnt/newvolume/allo.venv/lib/python3.12/site-packages/django/core/handlers/exception.py", line 55, in inner
    response = get_response(request)
               ^^^^^^^^^^^^^^^^^^^^^
  File "/mnt/newvolume/allo.venv/lib/python3.12/site-packages/django/utils/deprecation.py", line 133, in __call__
    response = self.process_request(request)
               ^^^^^^^^^^^^^^^^^^^^^^^^^^^^^
  File "/mnt/newvolume/allo.venv/lib/python3.12/site-packages/django/middleware/common.py", line 48, in process_request
    host = request.get_host()
           ^^^^^^^^^^^^^^^^^^
  File "/mnt/newvolume/allo.venv/lib/python3.12/site-packages/django/http/request.py", line 150, in get_host
    raise DisallowedHost(msg)
django.core.exceptions.DisallowedHost: Invalid HTTP_HOST header: 'sswu-allo.site'. You may need to add 'sswu-allo.site' to ALLOWED_HOSTS.
Bad Request: /favicon.ico
[26/Aug/2024 16:36:16] "GET /favicon.ico HTTP/1.1" 400 65458
Invalid HTTP_HOST header: 'sswu-allo.site'. You may need to add 'sswu-allo.site' to ALLOWED_HOSTS.
Traceback (most recent call last):
  File "/mnt/newvolume/allo.venv/lib/python3.12/site-packages/django/core/handlers/exception.py", line 55, in inner
    response = get_response(request)
               ^^^^^^^^^^^^^^^^^^^^^
  File "/mnt/newvolume/allo.venv/lib/python3.12/site-packages/django/utils/deprecation.py", line 133, in __call__
    response = self.process_request(request)
               ^^^^^^^^^^^^^^^^^^^^^^^^^^^^^
  File "/mnt/newvolume/allo.venv/lib/python3.12/site-packages/django/middleware/common.py", line 48, in process_request
    host = request.get_host()
           ^^^^^^^^^^^^^^^^^^
  File "/mnt/newvolume/allo.venv/lib/python3.12/site-packages/django/http/request.py", line 150, in get_host
    raise DisallowedHost(msg)
django.core.exceptions.DisallowedHost: Invalid HTTP_HOST header: 'sswu-allo.site'. You may need to add 'sswu-allo.site' to ALLOWED_HOSTS.
Bad Request: /
[26/Aug/2024 16:37:07] "GET / HTTP/1.1" 400 65624
Invalid HTTP_HOST header: 'sswu-allo.site'. You may need to add 'sswu-allo.site' to ALLOWED_HOSTS.
Traceback (most recent call last):
  File "/mnt/newvolume/allo.venv/lib/python3.12/site-packages/django/core/handlers/exception.py", line 55, in inner
    response = get_response(request)
               ^^^^^^^^^^^^^^^^^^^^^
  File "/mnt/newvolume/allo.venv/lib/python3.12/site-packages/django/utils/deprecation.py", line 133, in __call__
    response = self.process_request(request)
               ^^^^^^^^^^^^^^^^^^^^^^^^^^^^^
  File "/mnt/newvolume/allo.venv/lib/python3.12/site-packages/django/middleware/common.py", line 48, in process_request
    host = request.get_host()
           ^^^^^^^^^^^^^^^^^^
  File "/mnt/newvolume/allo.venv/lib/python3.12/site-packages/django/http/request.py", line 150, in get_host
    raise DisallowedHost(msg)
django.core.exceptions.DisallowedHost: Invalid HTTP_HOST header: 'sswu-allo.site'. You may need to add 'sswu-allo.site' to ALLOWED_HOSTS.
Bad Request: /favicon.ico
[26/Aug/2024 16:37:07] "GET /favicon.ico HTTP/1.1" 400 65458
Invalid HTTP_HOST header: 'sswu-allo.site'. You may need to add 'sswu-allo.site' to ALLOWED_HOSTS.
Traceback (most recent call last):
  File "/mnt/newvolume/allo.venv/lib/python3.12/site-packages/django/core/handlers/exception.py", line 55, in inner
    response = get_response(request)
               ^^^^^^^^^^^^^^^^^^^^^
  File "/mnt/newvolume/allo.venv/lib/python3.12/site-packages/django/utils/deprecation.py", line 133, in __call__
    response = self.process_request(request)
               ^^^^^^^^^^^^^^^^^^^^^^^^^^^^^
  File "/mnt/newvolume/allo.venv/lib/python3.12/site-packages/django/middleware/common.py", line 48, in process_request
    host = request.get_host()
           ^^^^^^^^^^^^^^^^^^
  File "/mnt/newvolume/allo.venv/lib/python3.12/site-packages/django/http/request.py", line 150, in get_host
    raise DisallowedHost(msg)
django.core.exceptions.DisallowedHost: Invalid HTTP_HOST header: 'sswu-allo.site'. You may need to add 'sswu-allo.site' to ALLOWED_HOSTS.
Bad Request: /
[26/Aug/2024 16:38:23] "GET / HTTP/1.1" 400 65628
Invalid HTTP_HOST header: 'sswu-allo.site'. You may need to add 'sswu-allo.site' to ALLOWED_HOSTS.
Traceback (most recent call last):
  File "/mnt/newvolume/allo.venv/lib/python3.12/site-packages/django/core/handlers/exception.py", line 55, in inner
    response = get_response(request)
               ^^^^^^^^^^^^^^^^^^^^^
  File "/mnt/newvolume/allo.venv/lib/python3.12/site-packages/django/utils/deprecation.py", line 133, in __call__
    response = self.process_request(request)
               ^^^^^^^^^^^^^^^^^^^^^^^^^^^^^
  File "/mnt/newvolume/allo.venv/lib/python3.12/site-packages/django/middleware/common.py", line 48, in process_request
    host = request.get_host()
           ^^^^^^^^^^^^^^^^^^
  File "/mnt/newvolume/allo.venv/lib/python3.12/site-packages/django/http/request.py", line 150, in get_host
    raise DisallowedHost(msg)
django.core.exceptions.DisallowedHost: Invalid HTTP_HOST header: 'sswu-allo.site'. You may need to add 'sswu-allo.site' to ALLOWED_HOSTS.
Bad Request: /favicon.ico
[26/Aug/2024 16:38:23] "GET /favicon.ico HTTP/1.1" 400 65462
Not Found: /.env
[26/Aug/2024 16:40:26] "GET /.env HTTP/1.1" 404 5268
Forbidden (CSRF cookie not set.): /
[26/Aug/2024 16:40:27] "POST / HTTP/1.1" 403 3000
